Vivado Simulator 2019.1
Copyright 1986-1999, 2001-2019 Xilinx, Inc. All Rights Reserved.
Running: /home/it/Xilinx/Vivado/Vivado/2019.1/bin/unwrapped/lnx64.o/xelab -wto c143b4dcea7d40489185537bd6dc7f96 --incr --debug typical --relax --mt 8 -L xil_defaultlib -L unisims_ver -L unimacro_ver -L secureip --snapshot Counter_4bit_tb_behav xil_defaultlib.Counter_4bit_tb xil_defaultlib.glbl -log elaborate.log 
Using 8 slave threads.
Starting static elaboration
WARNING: [VRFC 10-3755] too many parameters for module instance 'ffs' [/home/it/chipxprt/DSD/debugexam/debugging/debugging.srcs/sim_1/new/Counter_4bit_tb.sv:34]
Completed static elaboration
Starting simulation data flow analysis
WARNING: [XSIM 43-4099] "/home/it/chipxprt/DSD/debugexam/debugging/debugging.srcs/sources_1/imports/4-bit-counter/counter_4bit.sv" Line 1. Module counter_4bit doesn't have a timescale but at least one module in design has a timescale.
WARNING: [XSIM 43-4099] "/home/it/chipxprt/DSD/debugexam/debugging/debugging.srcs/sources_1/imports/4-bit-counter/mux2x1.sv" Line 1. Module mux2x1 doesn't have a timescale but at least one module in design has a timescale.
WARNING: [XSIM 43-4099] "/home/it/chipxprt/DSD/debugexam/debugging/debugging.srcs/sources_1/imports/4-bit-counter/mux2x1.sv" Line 1. Module mux2x1 doesn't have a timescale but at least one module in design has a timescale.
WARNING: [XSIM 43-4099] "/home/it/chipxprt/DSD/debugexam/debugging/debugging.srcs/sources_1/imports/4-bit-counter/mux2x1.sv" Line 1. Module mux2x1 doesn't have a timescale but at least one module in design has a timescale.
WARNING: [XSIM 43-4099] "/home/it/chipxprt/DSD/debugexam/debugging/debugging.srcs/sources_1/imports/4-bit-counter/mux2x1.sv" Line 1. Module mux2x1 doesn't have a timescale but at least one module in design has a timescale.
WARNING: [XSIM 43-4099] "/home/it/chipxprt/DSD/debugexam/debugging/debugging.srcs/sources_1/imports/4-bit-counter/d_flipflop.sv" Line 1. Module d_flipflop doesn't have a timescale but at least one module in design has a timescale.
WARNING: [XSIM 43-4099] "/home/it/chipxprt/DSD/debugexam/debugging/debugging.srcs/sources_1/imports/4-bit-counter/d_latch_asyn_rstn.sv" Line 1. Module d_latch_asyn_rstn doesn't have a timescale but at least one module in design has a timescale.
WARNING: [XSIM 43-4099] "/home/it/chipxprt/DSD/debugexam/debugging/debugging.srcs/sources_1/imports/4-bit-counter/d_latch_asyn_rstn.sv" Line 1. Module d_latch_asyn_rstn doesn't have a timescale but at least one module in design has a timescale.
WARNING: [XSIM 43-4099] "/home/it/chipxprt/DSD/debugexam/debugging/debugging.srcs/sources_1/imports/4-bit-counter/d_flipflop.sv" Line 1. Module d_flipflop doesn't have a timescale but at least one module in design has a timescale.
WARNING: [XSIM 43-4099] "/home/it/chipxprt/DSD/debugexam/debugging/debugging.srcs/sources_1/imports/4-bit-counter/d_latch_asyn_rstn.sv" Line 1. Module d_latch_asyn_rstn doesn't have a timescale but at least one module in design has a timescale.
WARNING: [XSIM 43-4099] "/home/it/chipxprt/DSD/debugexam/debugging/debugging.srcs/sources_1/imports/4-bit-counter/d_latch_asyn_rstn.sv" Line 1. Module d_latch_asyn_rstn doesn't have a timescale but at least one module in design has a timescale.
WARNING: [XSIM 43-4099] "/home/it/chipxprt/DSD/debugexam/debugging/debugging.srcs/sources_1/imports/4-bit-counter/d_flipflop.sv" Line 1. Module d_flipflop doesn't have a timescale but at least one module in design has a timescale.
WARNING: [XSIM 43-4099] "/home/it/chipxprt/DSD/debugexam/debugging/debugging.srcs/sources_1/imports/4-bit-counter/d_latch_asyn_rstn.sv" Line 1. Module d_latch_asyn_rstn doesn't have a timescale but at least one module in design has a timescale.
WARNING: [XSIM 43-4099] "/home/it/chipxprt/DSD/debugexam/debugging/debugging.srcs/sources_1/imports/4-bit-counter/d_latch_asyn_rstn.sv" Line 1. Module d_latch_asyn_rstn doesn't have a timescale but at least one module in design has a timescale.
WARNING: [XSIM 43-4099] "/home/it/chipxprt/DSD/debugexam/debugging/debugging.srcs/sources_1/imports/4-bit-counter/d_flipflop.sv" Line 1. Module d_flipflop doesn't have a timescale but at least one module in design has a timescale.
WARNING: [XSIM 43-4099] "/home/it/chipxprt/DSD/debugexam/debugging/debugging.srcs/sources_1/imports/4-bit-counter/d_latch_asyn_rstn.sv" Line 1. Module d_latch_asyn_rstn doesn't have a timescale but at least one module in design has a timescale.
WARNING: [XSIM 43-4099] "/home/it/chipxprt/DSD/debugexam/debugging/debugging.srcs/sources_1/imports/4-bit-counter/d_latch_asyn_rstn.sv" Line 1. Module d_latch_asyn_rstn doesn't have a timescale but at least one module in design has a timescale.
Completed simulation data flow analysis
Time Resolution for simulation is 1ps
Compiling module xil_defaultlib.mux2x1
Compiling module xil_defaultlib.d_latch_asyn_rstn
Compiling module xil_defaultlib.d_flipflop
Compiling module xil_defaultlib.counter_4bit
Compiling module xil_defaultlib.Counter_4bit_tb
Compiling module xil_defaultlib.glbl
Built simulation snapshot Counter_4bit_tb_behav
